<?xml version="1.0" encoding="UTF-8" ?>
<testsuite failures="0" time="0.047" errors="0" skipped="0" tests="10" name="de.gzockoll.types.money.MoneyTest">
  <properties>
    <property name="java.runtime.name" value="Java(TM) SE Runtime Environment"/>
    <property name="sun.boot.library.path" value="/System/Library/Frameworks/JavaVM.framework/Versions/1.6.0/Libraries"/>
    <property name="java.vm.version" value="14.1-b02-90"/>
    <property name="awt.nativeDoubleBuffering" value="true"/>
    <property name="gopherProxySet" value="false"/>
    <property name="java.vm.vendor" value="Apple Inc."/>
    <property name="java.vendor.url" value="http://www.apple.com/"/>
    <property name="path.separator" value=":"/>
    <property name="java.vm.name" value="Java HotSpot(TM) 64-Bit Server VM"/>
    <property name="file.encoding.pkg" value="sun.io"/>
    <property name="user.country" value="DE"/>
    <property name="sun.java.launcher" value="SUN_STANDARD"/>
    <property name="sun.os.patch.level" value="unknown"/>
    <property name="java.vm.specification.name" value="Java Virtual Machine Specification"/>
    <property name="user.dir" value="/Users/guido/Documents/workspace/money"/>
    <property name="java.runtime.version" value="1.6.0_15-b03-219"/>
    <property name="java.awt.graphicsenv" value="apple.awt.CGraphicsEnvironment"/>
    <property name="basedir" value="/Users/guido/Documents/workspace/money"/>
    <property name="java.endorsed.dirs" value="/System/Library/Frameworks/JavaVM.framework/Versions/1.6.0/Home/lib/endorsed"/>
    <property name="os.arch" value="x86_64"/>
    <property name="surefire.real.class.path" value="/var/folders/gB/gBOW0VFTHi0T3ItfoH1DzE+++TI/-Tmp-/surefirebooter2218637045157888129.jar"/>
    <property name="java.io.tmpdir" value="/var/folders/gB/gBOW0VFTHi0T3ItfoH1DzE+++TI/-Tmp-/"/>
    <property name="line.separator" value="
"/>
    <property name="java.vm.specification.vendor" value="Sun Microsystems Inc."/>
    <property name="os.name" value="Mac OS X"/>
    <property name="sun.jnu.encoding" value="MacRoman"/>
    <property name="java.library.path" value=".:/Library/Java/Extensions:/System/Library/Java/Extensions:/usr/lib/java"/>
    <property name="surefire.test.class.path" value="/Users/guido/Documents/workspace/money/target/test-classes:/Users/guido/Documents/workspace/money/target/classes:/Users/guido/.m2/repository/junit/junit/4.7/junit-4.7.jar:/Users/guido/.m2/repository/de/gzockoll/commontypes/0.0.1-SNAPSHOT/commontypes-0.0.1-SNAPSHOT.jar:"/>
    <property name="java.specification.name" value="Java Platform API Specification"/>
    <property name="java.class.version" value="50.0"/>
    <property name="sun.management.compiler" value="HotSpot 64-Bit Server Compiler"/>
    <property name="os.version" value="10.6.2"/>
    <property name="user.home" value="/Users/guido"/>
    <property name="user.timezone" value=""/>
    <property name="java.awt.printerjob" value="apple.awt.CPrinterJob"/>
    <property name="java.specification.version" value="1.6"/>
    <property name="file.encoding" value="MacRoman"/>
    <property name="user.name" value="guido"/>
    <property name="java.class.path" value="/Users/guido/Documents/workspace/money/target/test-classes:/Users/guido/Documents/workspace/money/target/classes:/Users/guido/.m2/repository/junit/junit/4.7/junit-4.7.jar:/Users/guido/.m2/repository/de/gzockoll/commontypes/0.0.1-SNAPSHOT/commontypes-0.0.1-SNAPSHOT.jar:"/>
    <property name="java.vm.specification.version" value="1.0"/>
    <property name="sun.arch.data.model" value="64"/>
    <property name="java.home" value="/System/Library/Frameworks/JavaVM.framework/Versions/1.6.0/Home"/>
    <property name="java.specification.vendor" value="Sun Microsystems Inc."/>
    <property name="user.language" value="de"/>
    <property name="awt.toolkit" value="apple.awt.CToolkit"/>
    <property name="java.vm.info" value="mixed mode"/>
    <property name="java.version" value="1.6.0_15"/>
    <property name="java.ext.dirs" value="/Library/Java/Extensions:/System/Library/Java/Extensions:/System/Library/Frameworks/JavaVM.framework/Versions/1.6.0/Home/lib/ext"/>
    <property name="sun.boot.class.path" value="/System/Library/Frameworks/JavaVM.framework/Versions/1.6.0/Classes/jsfd.jar:/System/Library/Frameworks/JavaVM.framework/Versions/1.6.0/Classes/classes.jar:/System/Library/Frameworks/JavaVM.framework/Frameworks/JavaRuntimeSupport.framework/Resources/Java/JavaRuntimeSupport.jar:/System/Library/Frameworks/JavaVM.framework/Versions/1.6.0/Classes/ui.jar:/System/Library/Frameworks/JavaVM.framework/Versions/1.6.0/Classes/laf.jar:/System/Library/Frameworks/JavaVM.framework/Versions/1.6.0/Classes/sunrsasign.jar:/System/Library/Frameworks/JavaVM.framework/Versions/1.6.0/Classes/jsse.jar:/System/Library/Frameworks/JavaVM.framework/Versions/1.6.0/Classes/jce.jar:/System/Library/Frameworks/JavaVM.framework/Versions/1.6.0/Classes/charsets.jar"/>
    <property name="java.vendor" value="Apple Inc."/>
    <property name="localRepository" value="/Users/guido/.m2/repository"/>
    <property name="file.separator" value="/"/>
    <property name="java.vendor.url.bug" value="http://bugreport.apple.com/"/>
    <property name="sun.cpu.endian" value="little"/>
    <property name="sun.io.unicode.encoding" value="UnicodeLittle"/>
    <property name="mrj.version" value="1060.1.6.0_15-219"/>
    <property name="sun.cpu.isalist" value=""/>
  </properties>
  <testcase time="0.009" classname="de.gzockoll.types.money.MoneyTest" name="testContruction"/>
  <testcase time="0" classname="de.gzockoll.types.money.MoneyTest" name="testHashCode"/>
  <testcase time="0" classname="de.gzockoll.types.money.MoneyTest" name="testMoneyIntCurrency"/>
  <testcase time="0" classname="de.gzockoll.types.money.MoneyTest" name="testAdd"/>
  <testcase time="0.001" classname="de.gzockoll.types.money.MoneyTest" name="testAddIsImmutable"/>
  <testcase time="0.001" classname="de.gzockoll.types.money.MoneyTest" name="testSubtract"/>
  <testcase time="0" classname="de.gzockoll.types.money.MoneyTest" name="testEquals"/>
  <testcase time="0" classname="de.gzockoll.types.money.MoneyTest" name="testToString"/>
  <testcase time="0.002" classname="de.gzockoll.types.money.MoneyTest" name="testSimpleAllication"/>
  <testcase time="0" classname="de.gzockoll.types.money.MoneyTest" name="testMultiAllication"/>
</testsuite>